<?xml version="1.0" encoding="UTF-8"?><testsuite errors="0" failures="0" name="Gatekeeper - XML Organisations" skipped="0" tests="6" time="58.21" timestamp="2022-03-10 11:09:04"><testcase name="Gatekeeper user is able to view details for a specific organisation by vendor ID"/><testcase name="Gatekeeper user is able to view details for a specific organisation by name"/><testcase name="Gatekeeper user is able to view XML email preferences for a specific organisation"/><testcase name="Gatekeeper user is able to change organisation name"/><testcase name="Gatekeeper user is able to view specific team member details for an organisation"/><testcase name="Gatekeeper user is able to view the XML email preferences for a specific team member"/></testsuite>