<?xml version="1.0" encoding="UTF-8"?><testsuite errors="0" failures="0" name="Developer Hub - Email Preferences" skipped="0" tests="4" time="64.8" timestamp="2022-03-01 11:56:20"><testcase name="An administrator can successfully edit email preferences"/><testcase name="An administrator is unable to setup an email preference with no API category is selected"/><testcase name="An administrator is unable to setup an email preference with no APIs selected"/><testcase name="An administrator is unable to setup an email preference with no topics selected"/></testsuite>