<?xml version="1.0" encoding="UTF-8"?><testsuite errors="1" failures="0" name="Gatekeeper - XML Organisations" skipped="0" tests="8" time="137.37" timestamp="2022-03-10 10:44:38"><testcase name="Gatekeeper user is able to view all XML organisations sorted by name"/><testcase name="Gatekeeper user is able to search for a specific organisation by vendor ID"/><testcase name="Gatekeeper user is able to search for a specific organisation by a padded vendor ID"/><testcase name="No results are returned when an invalid vendor ID is used"/><testcase name="No results are returned when an incorrect vendor ID is used"/><testcase name="Gatekeeper user is able to search for a specific organisation by name"/><testcase name="No results are returned when a specific organisation name is used"/><testcase name="Gatekeeper user is able to add a user to an organisation via a CSV upload"><error message="Timed out after 30 seconds. Element not found&#10;For documentation on this error, please visit: https://www.seleniumhq.org/exceptions/no_such_element.html&#10;Build info: version: '3.141.59', revision: 'e82be7d358', time: '2018-11-14T08:17:03'&#10;System info: host: 'Imrans-MacBook-Pro.local', ip: 'fe80:0:0:0:807:e0ee:626d:4f9d%en0', os.name: 'Mac OS X', os.arch: 'x86_64', os.version: '10.16', java.version: '1.8.0_172'&#10;Driver info: driver.version: unknown&#10;For documentation on this error, please visit: https://www.seleniumhq.org/exceptions/no_such_element.html&#10;Build info: version: '3.141.59', revision: 'e82be7d358', time: '2018-11-14T08:17:03'&#10;System info: host: 'Imrans-MacBook-Pro.local', ip: 'fe80:0:0:0:807:e0ee:626d:4f9d%en0', os.name: 'Mac OS X', os.arch: 'x86_64', os.version: '10.16', java.version: '1.8.0_172'&#10;Driver info: driver.version: unknown" type="org.openqa.selenium.NoSuchElementException">Timed out after 30 seconds. Element not found
For documentation on this error, please visit: https://www.seleniumhq.org/exceptions/no_such_element.html
Build info: version: '3.141.59', revision: 'e82be7d358', time: '2018-11-14T08:17:03'
System info: host: 'Imrans-MacBook-Pro.local', ip: 'fe80:0:0:0:807:e0ee:626d:4f9d%en0', os.name: 'Mac OS X', os.arch: 'x86_64', os.version: '10.16', java.version: '1.8.0_172'
Driver info: driver.version: unknown
For documentation on this error, please visit: https://www.seleniumhq.org/exceptions/no_such_element.html
Build info: version: '3.141.59', revision: 'e82be7d358', time: '2018-11-14T08:17:03'
System info: host: 'Imrans-MacBook-Pro.local', ip: 'fe80:0:0:0:807:e0ee:626d:4f9d%en0', os.name: 'Mac OS X', os.arch: 'x86_64', os.version: '10.16', java.version: '1.8.0_172'
Driver info: driver.version: unknown</error><system-err>Timed out after 30 seconds. Element not found
For documentation on this error, please visit: https://www.seleniumhq.org/exceptions/no_such_element.html
Build info: version: '3.141.59', revision: 'e82be7d358', time: '2018-11-14T08:17:03'
System info: host: 'Imrans-MacBook-Pro.local', ip: 'fe80:0:0:0:807:e0ee:626d:4f9d%en0', os.name: 'Mac OS X', os.arch: 'x86_64', os.version: '10.16', java.version: '1.8.0_172'
Driver info: driver.version: unknown
For documentation on this error, please visit: https://www.seleniumhq.org/exceptions/no_such_element.html
Build info: version: '3.141.59', revision: 'e82be7d358', time: '2018-11-14T08:17:03'
System info: host: 'Imrans-MacBook-Pro.local', ip: 'fe80:0:0:0:807:e0ee:626d:4f9d%en0', os.name: 'Mac OS X', os.arch: 'x86_64', os.version: '10.16', java.version: '1.8.0_172'
Driver info: driver.version: unknown
pages.gatekeeper.GatekeeperXmlOrganisationManageTeamMembersPage.removeTeamMember(GatekeeperXmlOrganisationManageTeamMembersPage.java:33)
steps.gatekeeper.xmlOrganisationsSteps.iCanRemoveTeamMemberWithEmailAddress(xmlOrganisationsSteps.java:231)
✽.I can remove team member with email address "email.preferences@digital.hmrc.gov.uk"(classpath:features/gatekeeper/xmlOrganisations.feature:208)
</system-err></testcase></testsuite>