<?xml version="1.0" encoding="UTF-8"?><testsuite errors="0" failures="0" name="Gatekeeper - XML Organisations" skipped="0" tests="4" time="42.63" timestamp="2022-03-10 11:41:46"><testcase name="Gatekeeper user is able to add a new organisation"/><testcase name="Gatekeeper user is unable to add an organisation without a name and email address"/><testcase name="Gatekeeper user is unable to add an organisation without a name"/><testcase name="Gatekeeper user is unable to add an organisation without an email address"/></testsuite>