<?xml version="1.0" encoding="UTF-8"?><testsuite errors="0" failures="0" name="Developer Hub - Empty Nest Pages" skipped="0" tests="3" time="68.78" timestamp="2022-03-31 12:22:30"><testcase name="A developer hub user with no applications is shown the using the Developer Hub Page"/><testcase name="A developer hub user with no applications can choose to navigate to the email preferences page"/><testcase name="A developer hub user with no production applications is shown the production empty nest page"/></testsuite>