<?xml version="1.0" encoding="UTF-8"?><testsuite errors="0" failures="0" name="Multi Factor Authentication for user type Individual" skipped="0" tests="9" time="128.33" timestamp="2022-04-26 03:25:28"><testcase name="Individual without MFA is directed to MFA Registration for a low confidence API"/><testcase name="Individual without MFA is directed to MFA Registration for a high confidence API"/><testcase name="Individual without MFA is directed to MFA Registration for a combination of scopes"/><testcase name="Individual with MFA successfully authenticates for a low confidence API"/><testcase name="Individual with MFA successfully authenticates to IV for a high confidence API"/><testcase name="Individual with MFA successfully authenticates to IV for a combination of scopes"/><testcase name="Individual with MFA repeatedly fails authentication due to an invalid access code"/><testcase name="Individual with MFA fails authentication due to a non 6 digit access code"/><testcase name="Individual with MFA fails authentication due to a missing access code"/></testsuite>