<?xml version="1.0" encoding="UTF-8"?><testsuite errors="0" failures="0" name="Multi Factor Authentication for user type Organisation" skipped="0" tests="10" time="137.71" timestamp="2022-04-26 03:30:25"><testcase name="Organisation without MFA is directed to MFA Registration for a low confidence API"/><testcase name="Organisation without MFA is directed to MFA Registration for a high confidence API"/><testcase name="Organisation without MFA is directed to MFA Registration for a combination of scopes"/><testcase name="Organisation with MFA successfully authenticates for a low confidence API"/><testcase name="Organisation with MFA successfully authenticates to IV for a high confidence API"/><testcase name="Organisation with MFA successfully authenticates to IV for a combination of scopes"/><testcase name="Organisation with MFA successfully authenticates to IV for Open ID"/><testcase name="Organisation with MFA repeatedly fails authentication due to an invalid access code"/><testcase name="Organisation with MFA fails authentication due to a non 6 digit access code"/><testcase name="Organisation with MFA fails authentication due to a missing access code"/></testsuite>