<?xml version="1.0" encoding="UTF-8"?><testsuite errors="0" failures="0" name="Developer Hub - Email Preferences" skipped="0" tests="10" time="162.74" timestamp="2022-04-05 11:17:04"><testcase name="An administrator can setup email preferences for all APIs in a single category"/><testcase name="An administrator can setup email preferences for specific APIs in a single category"/><testcase name="An administrator can setup email preferences for all APIs in multiple categories"/><testcase name="An administrator can setup email preferences for specific APIs in multiple categories"/><testcase name="An administrator can setup email preferences for specific XML APIs in a single category"/><testcase name="An administrator can setup email preferences for specific XML APIs in multiple categories"/><testcase name="An administrator can successfully edit email preferences"/><testcase name="An administrator is unable to setup an email preference with no API category is selected"/><testcase name="An administrator is unable to setup an email preference with no APIs selected"/><testcase name="An administrator is unable to setup an email preference with no topics selected"/></testsuite>