<?xml version="1.0" encoding="UTF-8"?><testsuite errors="0" failures="0" name="Gatekeeper - Emails" skipped="0" tests="5" time="65.68" timestamp="2022-04-04 01:01:06"><testcase name="Email all users based on specific API preferences"/><testcase name="Email all users based on a topic email preference"/><testcase name="Email all users based on a tax regime email preference"/><testcase name="Email all users subscribing to a specific API"/><testcase name="Email all users with a Developer Hub account"/></testsuite>