<?xml version="1.0" encoding="UTF-8"?><testsuite errors="0" failures="0" name="OAuth Frontend Validation" skipped="0" tests="6" time="31.14" timestamp="2022-06-14 12:34:40"><testcase name="Unable to generate an access code with an invalid client ID"/><testcase name="Unable to generate an access code with an invalid redirect URI"/><testcase name="Unable to generate an access code with an invalid scope"/><testcase name="Unable to generate an access code for a privileged application"/><testcase name="Unable to generate a standard access code for an ROPC application"/><testcase name="Unable to generate a standard access code when including the client secret in my redirect URL"/></testsuite>