<?xml version="1.0" encoding="UTF-8"?><testsuite errors="0" failures="0" name="Gatekeeper - XML Organisations" skipped="0" tests="7" time="65.72" timestamp="2022-03-10 11:51:04"><testcase name="Gatekeeper user is able to add a user to an organisation via a CSV upload"/><testcase name="Gatekeeper user is able to add a user without services to an organisation via a CSV upload"/><testcase name="Gatekeeper user is unable to upload a user without entering any CSV data"/><testcase name="Gatekeeper user is unable to add a user with an invalid email header"/><testcase name="Gatekeeper user is unable to add a user with an invalid first name header"/><testcase name="Gatekeeper user is unable to add a user with an invalid last name header"/><testcase name="Gatekeeper user is unable to add a user with an invalid vendor IDs header"/></testsuite>