<?xml version="1.0" encoding="UTF-8"?><testsuite errors="0" failures="0" name="Gatekeeper - XML Organisations" skipped="0" tests="5" time="43.96" timestamp="2022-03-10 12:40:58"><testcase name="Gatekeeper user is unable to add a user with an invalid email header"/><testcase name="Gatekeeper user is unable to add a user with an invalid first name header"/><testcase name="Gatekeeper user is unable to add a user with an invalid last name header"/><testcase name="Gatekeeper user is unable to add a user with an invalid vendor IDs header"/><testcase name="Gatekeeper user is unable to add a user with an invalid duplicate names header"/></testsuite>